000000 PID:834806
000000 FlexBV Start Wed Apr  1 04:26:41 2026

000000 FlexBV Log initiated
000000 FlexBV build version 5.1383 Timestamp: Fri Mar 20 14:21:15 2026
000000 FlexBV Standard Edition
000000 Binary path: /opt/flexbv
000000 Config path: /home/ricky/builds/elek-board-viewer/data/parser_cache/runtime/home/.config/FlexBV5
000000 Data path: /home/ricky/builds/elek-board-viewer/data/parser_cache/runtime/xdg/FlexBV5
000000 FlexBV bin: /opt/flexbv/flexbv
000000 Schematic bin: /opt/flexbv/fbvpdf
000000 Schematic viewer version: 5.7140
000000 Crashlog build path: /opt/flexbv
000001 Current LC settings...
000001 LC_ALL: C.UTF-8
000001 LC_CTYPE: C.UTF-8
000001 Modified LC settings...
000001 LC_ALL: en_US.UTF8
000001 LC_CTYPE: en_US.UTF8
000001 Parameter parsing...
000001 argv[0] '/opt/flexbv/flexbv'
000001 argv[1] '-d'
000001 argv[2] '-x'
000001 argv[3] '1200'
000001 argv[4] '-y'
000001 argv[5] '700'
000001 argv[6] '-i'
000001 argv[7] '/home/ricky/builds/elek-board-viewer/schematics/A2338 M2 820-02773/820-02773.brd'
000001 CrashLogs: Checking log folder (/home/ricky/builds/elek-board-viewer/data/parser_cache/runtime/xdg/FlexBV5/logs) to see if we have any logs from possible crashes...
000001 CrashLogs: PID for log '/home/ricky/builds/elek-board-viewer/data/parser_cache/runtime/xdg/FlexBV5/logs/834806.log' is ALIVE, not pushing
000001 CrashLogs: PID for log '/home/ricky/builds/elek-board-viewer/data/parser_cache/runtime/xdg/FlexBV5/logs/834736.log' is ALIVE, not pushing
000001 CrashLogs: Crash log scan done. 0 crashed logs found
000001 Compiled against SDL version 3.4.2
000001 Linking against SDL version 3.4.2
000001 Compiled ImGUI version 1.92.6
000001 Compiled SQLite version 3.38.5
000056 Linux BUILD
000056 Standard edition
000056 FlexBV bin: /opt/flexbv/flexbv
000056 Log: /home/ricky/builds/elek-board-viewer/data/parser_cache/runtime/xdg/FlexBV5/logs/834806.log
000056 Schematic viewer log: /home/ricky/builds/elek-board-viewer/data/parser_cache/runtime/xdg/FlexBV5/logs/fbvpdf.log
000057 RunID: de30a0d8d2cf0280
000057 LOCALE set to en_US.UTF8
000057 Setting up signal handlers...
000057 Config File: /home/ricky/builds/elek-board-viewer/data/parser_cache/runtime/home/.config/FlexBV5/flexbv.conf
000057 History file: '/home/ricky/builds/elek-board-viewer/data/parser_cache/runtime/xdg/FlexBV5/flexbv.history'
000057 Loading history...
000057 Loading config...
000057 Setup GUI...
000089 Create Window... [1200 x 700 @ 100, 100]
000091 Pixel scale set to 1.0
000091 Create rendering context...
000240 SDL Renderer: software
000240 Drawable size: 1200 x 700
000244 Setting window postion to: 100, 100
000244 Loading FBV configuration
000244 Loading licence data...
000244 Loading theme...
000244 PCB theme = 'Olive'
000244 PCB Theme file = '/home/ricky/builds/elek-board-viewer/data/parser_cache/runtime/xdg/FlexBV5/themes/Olive.fbvtheme'
000244 UI colorTheme = light
000244 Configuring fonts...
000244 Main font index/size = 0px
000244 Display DPI = 96
000244 Pixel Scale = 1.0
000263 Configuring Job system...
000263 JobsDB cache file = '/home/ricky/builds/elek-board-viewer/data/parser_cache/runtime/xdg/FlexBV5/jobs/jobs_cache.sq3'
000263 Configuring keyboard system...
000263 Configuring DDI system...
002612 Window decoration offset size is [ 0 x 0 ]
002612 Starting main loop.
002614 Calling join for cache load thread
002614 Library cache load complete
002616 FlexBV:Main: Preloading board '/home/ricky/builds/elek-board-viewer/schematics/A2338 M2 820-02773/820-02773.brd'
002616 Commence process of board file load '/home/ricky/builds/elek-board-viewer/schematics/A2338 M2 820-02773/820-02773.brd'
002616 BoardView.cpp:1039:Load '/home/ricky/builds/elek-board-viewer/schematics/A2338 M2 820-02773/820-02773.brd'
002619 Loading boardfile '/home/ricky/builds/elek-board-viewer/schematics/A2338 M2 820-02773/820-02773.brd'
002659 BVLOAD_OK:/home/ricky/builds/elek-board-viewer/schematics/A2338 M2 820-02773/820-02773.brd
002659 Board outline contains 230 elements
002659 Board outline bounding box is (0.000000, 0.000000 -> 3293.000000, 8104.000000)
002666 Normalising: coordinate data from boardview parsing
002666 Normalisation: START Boardview data bounds 340282346638528859811704183484516925440.0, 340282346638528859811704183484516925440.0 - -340282346638528859811704183484516925440.0, -340282346638528859811704183484516925440.0
002666 Normalisation: After OUTLINE Boardview data bounds 0.0, 0.0 - 3293.0, 8104.0
002666 Normalisation: After PARTS Boardview data bounds 0.0, 0.0 - 3293.0, 8104.0
002666 Normalisation: After PINS Boardview data bounds 0.0, 0.0 - 3293.0, 8104.0
002666 Normalisation: After NAILS Boardview data bounds 0.0, 0.0 - 3293.0, 8104.0
002666 Normalisation: After VIAS Boardview data bounds 0.0, 0.0 - 3293.0, 8104.0
002666 Normalisation: Boardview data bounds 0.0, 0.0 - 3293.0, 8104.0
002666 Normalisation: Board data updated
002679 Bounding box details: Normal ( 0.000000,0.000000 to 3293.000000,8104.000000 ),  Butterfly ( 0.000000,8509.200195 to 3293.000000,16613.199219 )
002679 Board dimensions: 3293.000000 x 8104.000000
002680 Board Stats: '/home/ricky/builds/elek-board-viewer/schematics/A2338 M2 820-02773/820-02773.brd' size = 3293.0 x 8104,  13810 pins, 4178 parts, 230 outline points [type=Points]
002680 Finished SetFile()
002680 Board is VALID, now going to generate meta path, load board database and OBData
002680 Generating meta path for file
002680 meta_path for '/home/ricky/builds/elek-board-viewer/schematics/A2338 M2 820-02773/820-02773.brd' (as '820-02773.brd') computed to be '/home/ricky/builds/elek-board-viewer/data/parser_cache/runtime/xdg/FlexBV5/meta/68/68e53a154bc63adfd0ed86dfe71b08e7'
002680 Using META system, setting OBData path to
002680 Migrating META Enabled
002680 META Migration done for board
002681 Board is higher than wide, spinning the board 90 to align long edges
002682 Bounding box details: Normal ( 0 0 - 8104 3293 ),  Butterfly ( 0.000000 3457.649902 - 8104.000000 6750.649902 )
002682 Reprocess/prepare board again
002682 Begin preparing board data...
002682 Maximum point count is 2565
002682 Testing to see if parts have pins on both sides...
002682 Setting component colours and pin sizes...
002682 Setting NC, GND and dummy pin attributes...002683 Looking for 1-pin networks (set to NC) and GND set to is_ground (for net, not pin)002691 Examining board for shields/heatsinks/brackets to mark as invisible...
002691 0 parts marked as hidden
002691 Prepare pin colours
002692 Prepare pad centers
002692 Prepare part colours
002692 Prepare net colours
002693 Add larger parts to minimap vector
002693 Board data prep finished, width=8104.000000, height=3293.000000
002693 Board aspect: 2.46 (inverse 0.41)
002693 Go over ALL PINS and set olmin/max size rectangle
002693 Go over ALL PARTS and set min/max size rectangle and track the expanse too
002693 Board preprocessing completed
002693 Populating the hover-search grid
002702 GridPopulateArea: areas are in negative distances, aborting, check normalisation code!
002706 GridPopulateArea: areas are in negative distances, aborting, check normalisation code!
002711 Generating valid lists of net and part names
002711 Checking for net aliases
002711 Creating part name map
002712 Calculating largest net & pin names
002713 Check winding order of all polygons and reversing if required
002713 Preprocessing of board completed
002713 Board rotation and reprocessing done
002713 Fixing board pins if radius under 1-thou
002713 Checking for net aliases after loading OBData
002760 Attempt to load schematic for board
002760 BoardView.cpp:1426:Looking for PDF
002760 Finished looking for a schematic for the board
002760 Launching PDFViewer for '/home/ricky/builds/elek-board-viewer/schematics/A2338 M2 820-02773/820-02773.pdf'
002760 /home/pld/development/ctpc/FlexBVPVT/src/flexbv/BV-launchers.cpp:868: PDF Normal mode DDI data='!load:/home/ricky/builds/elek-board-viewer/schematics/A2338 M2 820-02773/820-02773.pdf
!setaalevel:2!keyundo=24 0!keysearch=9 1!keynext=17 0!keyprev=19 0!keypgup=75 0!keypgdn=78 0!keyup=82 0!keydown=81 0!keyleft=80 0!keyright=79 0!keyzoomin=46 0!keyzoomout=45 0!keyrotatecw=55 0!keyrotateccw=54 0!keyfitwindow=93 0!keyfitwidth=26 0!keyfitheight=11 0!keygopage=10 0!keygoendpage=10 4!highlightcolour:ff7b20f3!highlightmode:0!setwindowsizepos:1000 710 100 100
!ss:!noraise:!heuristics:
'
002763 Checking OBData
002763 Clear old OBDataQueue
002763 Setting OBData server options
002763 Loading local board meta/database file
002763 Loading OpenBoardData file '/home/ricky/builds/elek-board-viewer/data/parser_cache/runtime/xdg/FlexBV5/meta/68/68e53a154bc63adfd0ed86dfe71b08e7/obdata'
002763 OBData.cpp:591: OBData file '/home/ricky/builds/elek-board-viewer/data/parser_cache/runtime/xdg/FlexBV5/meta/68/68e53a154bc63adfd0ed86dfe71b08e7/obdata' does not seem to exist here, aborting load
002763 OBData file '/home/ricky/builds/elek-board-viewer/data/parser_cache/runtime/xdg/FlexBV5/meta/68/68e53a154bc63adfd0ed86dfe71b08e7/obdata' missing BPATH header - retaining data but consider adding BPATH
002763 OBData local file '/home/ricky/builds/elek-board-viewer/data/parser_cache/runtime/xdg/FlexBV5/meta/68/68e53a154bc63adfd0ed86dfe71b08e7/obdata.local' missing BPATH header - retaining data but consider adding BPATH
002763 OBDataQ filename = /home/ricky/builds/elek-board-viewer/data/parser_cache/runtime/xdg/FlexBV5/meta/68/68e53a154bc63adfd0ed86dfe71b08e7/obdata.queued
002763 OBData changes queue file not present '/home/ricky/builds/elek-board-viewer/data/parser_cache/runtime/xdg/FlexBV5/meta/68/68e53a154bc63adfd0ed86dfe71b08e7/obdata.queued' (No such file or directory)
002763 OBDataQ log filename = /home/ricky/builds/elek-board-viewer/data/parser_cache/runtime/xdg/FlexBV5/meta/68/68e53a154bc63adfd0ed86dfe71b08e7/obdata.log
002767 Begin preparing board data...
002768 Maximum point count is 2565
002768 Testing to see if parts have pins on both sides...
002768 Setting component colours and pin sizes...
002768 Setting NC, GND and dummy pin attributes...002769 Looking for 1-pin networks (set to NC) and GND set to is_ground (for net, not pin)002770 Examining board for shields/heatsinks/brackets to mark as invisible...
002770 0 parts marked as hidden
002770 Prepare pin colours
002770 Prepare pad centers
002770 Prepare part colours
002771 Prepare net colours
002771 Add larger parts to minimap vector
002771 Board data prep finished, width=8104.000000, height=3293.000000
002771 Board aspect: 2.46 (inverse 0.41)
002771 Go over ALL PINS and set olmin/max size rectangle
002771 Go over ALL PARTS and set min/max size rectangle and track the expanse too
002771 Board preprocessing completed
002771 Populating the hover-search grid
002782 GridPopulateArea: areas are in negative distances, aborting, check normalisation code!
002785 GridPopulateArea: areas are in negative distances, aborting, check normalisation code!
002789 Generating valid lists of net and part names
002790 Checking for net aliases
002790 Creating part name map
002790 Calculating largest net & pin names
002791 Check winding order of all polygons and reversing if required
002791 Preprocessing of board completed
002793 PrepareChooseFlip: Flipping board to maximise data density at middle
002793 Generate board stats
002793 Getting initial board load states
002793 Flipping board twice to set bounds
002793 Centering view
002793 Show butterfly for this board: Y
002793 Clearing memory used by board load
002793 Board loading process complete, status = Success
002793 FlexBV:Main: Loading of board complete
002793 flexbv.cpp:2258:Centering view
002793 Updating file history
002793 Updating window title to 'FlexBV5 Licensed - 820-02773.brd'
