000000 PID:835282
000001 FlexBV Start Wed Apr  1 04:26:58 2026

000001 FlexBV Log initiated
000001 FlexBV build version 5.1383 Timestamp: Fri Mar 20 14:21:15 2026
000001 FlexBV Standard Edition
000001 Binary path: /opt/flexbv
000001 Config path: /home/ricky/builds/elek-board-viewer/data/parser_cache/runtime/home/.config/FlexBV5
000001 Data path: /home/ricky/builds/elek-board-viewer/data/parser_cache/runtime/xdg/FlexBV5
000001 FlexBV bin: /opt/flexbv/flexbv
000001 Schematic bin: /opt/flexbv/fbvpdf
000001 Schematic viewer version: 5.7140
000001 Crashlog build path: /opt/flexbv
000001 Current LC settings...
000001 LC_ALL: C.UTF-8
000001 LC_CTYPE: C.UTF-8
000001 Modified LC settings...
000001 LC_ALL: en_US.UTF8
000002 LC_CTYPE: en_US.UTF8
000002 Parameter parsing...
000002 argv[0] '/opt/flexbv/flexbv'
000002 argv[1] '-d'
000002 argv[2] '-x'
000002 argv[3] '1200'
000002 argv[4] '-y'
000002 argv[5] '700'
000002 argv[6] '-i'
000002 argv[7] '/home/ricky/builds/elek-board-viewer/schematics/A2442 820-02098/J314-BTR.brd'
000002 CrashLogs: Checking log folder (/home/ricky/builds/elek-board-viewer/data/parser_cache/runtime/xdg/FlexBV5/logs) to see if we have any logs from possible crashes...
000002 CrashLogs: PID for log '/home/ricky/builds/elek-board-viewer/data/parser_cache/runtime/xdg/FlexBV5/logs/834806.log' is a dead-pid log, pushed.
000002 CrashLogs: PID for log '/home/ricky/builds/elek-board-viewer/data/parser_cache/runtime/xdg/FlexBV5/logs/835281.log' is ALIVE, not pushing
000002 CrashLogs: PID for log '/home/ricky/builds/elek-board-viewer/data/parser_cache/runtime/xdg/FlexBV5/logs/835052.log' is a dead-pid log, pushed.
000002 CrashLogs: PID for log '/home/ricky/builds/elek-board-viewer/data/parser_cache/runtime/xdg/FlexBV5/logs/835282.log' is ALIVE, not pushing
000002 CrashLogs: Crash log scan done. 2 crashed logs found
000002 Compiled against SDL version 3.4.2
000002 Linking against SDL version 3.4.2
000002 Compiled ImGUI version 1.92.6
000002 Compiled SQLite version 3.38.5
000063 Linux BUILD
000063 Standard edition
000063 FlexBV bin: /opt/flexbv/flexbv
000063 Log: /home/ricky/builds/elek-board-viewer/data/parser_cache/runtime/xdg/FlexBV5/logs/835282.log
000063 Schematic viewer log: /home/ricky/builds/elek-board-viewer/data/parser_cache/runtime/xdg/FlexBV5/logs/fbvpdf.log
000063 RunID: de30a0d8d2cf0280
000063 LOCALE set to en_US.UTF8
000063 Setting up signal handlers...
000063 Config File: /home/ricky/builds/elek-board-viewer/data/parser_cache/runtime/home/.config/FlexBV5/flexbv.conf
000063 History file: '/home/ricky/builds/elek-board-viewer/data/parser_cache/runtime/xdg/FlexBV5/flexbv.history'
000063 Loading history...
000063 Loading config...
000063 Setup GUI...
000081 Create Window... [1200 x 700 @ 100, 100]
000084 Pixel scale set to 1.0
000084 Create rendering context...
000226 SDL Renderer: software
000226 Drawable size: 1200 x 700
000229 Setting window postion to: 100, 100
000229 Loading FBV configuration
000229 Loading licence data...
000229 Loading theme...
000229 PCB theme = 'Olive'
000229 PCB Theme file = '/home/ricky/builds/elek-board-viewer/data/parser_cache/runtime/xdg/FlexBV5/themes/Olive.fbvtheme'
000229 UI colorTheme = light
000229 Configuring fonts...
000229 Main font index/size = 0px
000229 Display DPI = 96
000229 Pixel Scale = 1.0
000245 Configuring Job system...
000246 JobsDB cache file = '/home/ricky/builds/elek-board-viewer/data/parser_cache/runtime/xdg/FlexBV5/jobs/jobs_cache.sq3'
000246 Configuring keyboard system...
000246 Configuring DDI system...
002574 Window decoration offset size is [ 0 x 0 ]
002574 Starting main loop.
002575 Calling join for cache load thread
002575 Library cache load complete
002577 FlexBV:Main: Preloading board '/home/ricky/builds/elek-board-viewer/schematics/A2442 820-02098/J314-BTR.brd'
002577 Commence process of board file load '/home/ricky/builds/elek-board-viewer/schematics/A2442 820-02098/J314-BTR.brd'
002577 BoardView.cpp:1039:Load '/home/ricky/builds/elek-board-viewer/schematics/A2442 820-02098/J314-BTR.brd'
002582 Loading boardfile '/home/ricky/builds/elek-board-viewer/schematics/A2442 820-02098/J314-BTR.brd'
002635 BVLOAD_OK:/home/ricky/builds/elek-board-viewer/schematics/A2442 820-02098/J314-BTR.brd
002635 Board outline contains 546 elements
002635 Board outline bounding box is (0.000000, 0.000000 -> 4766.000000, 11398.000000)
002645 Normalising: coordinate data from boardview parsing
002645 Normalisation: START Boardview data bounds 340282346638528859811704183484516925440.0, 340282346638528859811704183484516925440.0 - -340282346638528859811704183484516925440.0, -340282346638528859811704183484516925440.0
002645 Normalisation: After OUTLINE Boardview data bounds 0.0, 0.0 - 4766.0, 11398.0
002645 Normalisation: After PARTS Boardview data bounds 0.0, 0.0 - 4766.0, 11398.0
002645 Normalisation: After PINS Boardview data bounds 0.0, 0.0 - 4766.0, 11398.0
002645 Normalisation: After NAILS Boardview data bounds 0.0, 0.0 - 4766.0, 11398.0
002645 Normalisation: After VIAS Boardview data bounds 0.0, 0.0 - 4766.0, 11398.0
002645 Normalisation: Boardview data bounds 0.0, 0.0 - 4766.0, 11398.0
002646 Normalisation: Board data updated
002663 Bounding box details: Normal ( 0.000000,0.000000 to 4766.000000,11398.000000 ),  Butterfly ( 0.000000,11967.900391 to 4766.000000,23365.900391 )
002663 Board dimensions: 4766.000000 x 11398.000000
002664 Board Stats: '/home/ricky/builds/elek-board-viewer/schematics/A2442 820-02098/J314-BTR.brd' size = 4766.0 x 11398,  20076 pins, 5939 parts, 546 outline points [type=Points]
002664 Finished SetFile()
002666 Board is VALID, now going to generate meta path, load board database and OBData
002666 Generating meta path for file
002666 meta_path for '/home/ricky/builds/elek-board-viewer/schematics/A2442 820-02098/J314-BTR.brd' (as 'j314-btr.brd') computed to be '/home/ricky/builds/elek-board-viewer/data/parser_cache/runtime/xdg/FlexBV5/meta/30/307dd52819145f268b5806d5b73766d1'
002666 Using META system, setting OBData path to
002666 Migrating META Enabled
002666 META Migration done for board
002667 Board is higher than wide, spinning the board 90 to align long edges
002668 Bounding box details: Normal ( 0 0 - 11398 4766 ),  Butterfly ( 0.000000 5004.299805 - 11398.000000 9770.299805 )
002668 Reprocess/prepare board again
002668 Begin preparing board data...
002668 Maximum point count is 2971
002668 Testing to see if parts have pins on both sides...
002668 Setting component colours and pin sizes...
002668 Setting NC, GND and dummy pin attributes...002669 Looking for 1-pin networks (set to NC) and GND set to is_ground (for net, not pin)002682 Examining board for shields/heatsinks/brackets to mark as invisible...
002682 0 parts marked as hidden
002682 Prepare pin colours
002683 Prepare pad centers
002683 Prepare part colours
002683 Prepare net colours
002684 Add larger parts to minimap vector
002684 Board data prep finished, width=11398.000000, height=4766.000000
002684 Board aspect: 2.39 (inverse 0.42)
002684 Go over ALL PINS and set olmin/max size rectangle
002684 Go over ALL PARTS and set min/max size rectangle and track the expanse too
002684 Board preprocessing completed
002684 Populating the hover-search grid
002696 GridPopulateArea: areas are in negative distances, aborting, check normalisation code!
002702 GridPopulateArea: areas are in negative distances, aborting, check normalisation code!
002708 Generating valid lists of net and part names
002709 Checking for net aliases
002709 Creating part name map
002709 Calculating largest net & pin names
002710 Check winding order of all polygons and reversing if required
002711 Preprocessing of board completed
002711 Board rotation and reprocessing done
002711 Fixing board pins if radius under 1-thou
002711 Checking for net aliases after loading OBData
002851 Attempt to load schematic for board
002855 BoardView.cpp:1426:Looking for PDF
002855 No associated schematic entry for this board, trying to find one
002855 Our baseline is '/home/ricky/builds/elek-board-viewer/schematics/A2442 820-02098/J314-BTR'
002855 Trying '/home/ricky/builds/elek-board-viewer/schematics/A2442 820-02098/J314-BTR.pdf'
002860 Finished looking for a schematic for the board
002860 Launching PDFViewer for '/home/ricky/builds/elek-board-viewer/schematics/A2442 820-02098/J314-BTR.pdf'
002860 /home/pld/development/ctpc/FlexBVPVT/src/flexbv/BV-launchers.cpp:868: PDF Normal mode DDI data='!load:/home/ricky/builds/elek-board-viewer/schematics/A2442 820-02098/J314-BTR.pdf
!setaalevel:2!keyundo=24 0!keysearch=9 1!keynext=17 0!keyprev=19 0!keypgup=75 0!keypgdn=78 0!keyup=82 0!keydown=81 0!keyleft=80 0!keyright=79 0!keyzoomin=46 0!keyzoomout=45 0!keyrotatecw=55 0!keyrotateccw=54 0!keyfitwindow=93 0!keyfitwidth=26 0!keyfitheight=11 0!keygopage=10 0!keygoendpage=10 4!highlightcolour:ff7b20f3!highlightmode:0!setwindowsizepos:1000 710 100 100
!ss:!noraise:!heuristics:
'
002862 Checking OBData
002863 Clear old OBDataQueue
002863 Setting OBData server options
002863 Loading local board meta/database file
002863 Loading OpenBoardData file '/home/ricky/builds/elek-board-viewer/data/parser_cache/runtime/xdg/FlexBV5/meta/30/307dd52819145f268b5806d5b73766d1/obdata'
002863 OBData.cpp:591: OBData file '/home/ricky/builds/elek-board-viewer/data/parser_cache/runtime/xdg/FlexBV5/meta/30/307dd52819145f268b5806d5b73766d1/obdata' does not seem to exist here, aborting load
002863 OBData file '/home/ricky/builds/elek-board-viewer/data/parser_cache/runtime/xdg/FlexBV5/meta/30/307dd52819145f268b5806d5b73766d1/obdata' missing BPATH header - retaining data but consider adding BPATH
002863 OBData local file '/home/ricky/builds/elek-board-viewer/data/parser_cache/runtime/xdg/FlexBV5/meta/30/307dd52819145f268b5806d5b73766d1/obdata.local' missing BPATH header - retaining data but consider adding BPATH
002863 OBDataQ filename = /home/ricky/builds/elek-board-viewer/data/parser_cache/runtime/xdg/FlexBV5/meta/30/307dd52819145f268b5806d5b73766d1/obdata.queued
002863 OBData changes queue file not present '/home/ricky/builds/elek-board-viewer/data/parser_cache/runtime/xdg/FlexBV5/meta/30/307dd52819145f268b5806d5b73766d1/obdata.queued' (No such file or directory)
002863 OBDataQ log filename = /home/ricky/builds/elek-board-viewer/data/parser_cache/runtime/xdg/FlexBV5/meta/30/307dd52819145f268b5806d5b73766d1/obdata.log
002870 Begin preparing board data...
002871 Maximum point count is 2971
002871 Testing to see if parts have pins on both sides...
002871 Setting component colours and pin sizes...
002872 Setting NC, GND and dummy pin attributes...002873 Looking for 1-pin networks (set to NC) and GND set to is_ground (for net, not pin)002875 Examining board for shields/heatsinks/brackets to mark as invisible...
002875 0 parts marked as hidden
002875 Prepare pin colours
002876 Prepare pad centers
002876 Prepare part colours
002876 Prepare net colours
002877 Add larger parts to minimap vector
002877 Board data prep finished, width=11398.000000, height=4766.000000
002877 Board aspect: 2.39 (inverse 0.42)
002877 Go over ALL PINS and set olmin/max size rectangle
002877 Go over ALL PARTS and set min/max size rectangle and track the expanse too
002878 Board preprocessing completed
002878 Populating the hover-search grid
002893 GridPopulateArea: areas are in negative distances, aborting, check normalisation code!
002898 GridPopulateArea: areas are in negative distances, aborting, check normalisation code!
002905 Generating valid lists of net and part names
002906 Checking for net aliases
002906 Creating part name map
002907 Calculating largest net & pin names
002908 Check winding order of all polygons and reversing if required
002908 Preprocessing of board completed
002911 Generate board stats
002911 Getting initial board load states
002930 Flipping board twice to set bounds
002931 Centering view
002931 Show butterfly for this board: Y
002931 Clearing memory used by board load
002931 Board loading process complete, status = Success
002931 FlexBV:Main: Loading of board complete
002931 flexbv.cpp:2258:Centering view
002931 Updating file history
002931 Updating window title to 'FlexBV5 Licensed - J314-BTR.brd'
