2026-03-28T07:00:46Z Started FlexBV pid=4110578 board=/home/ricky/.openclaw/agents/diagnostics/workspace/schematics/A2681 820-02536/PJM-MLB.brd
Compiled against SDL version 3.4.2
Linking against SDL version 3.4.2
FlexBV bin: /opt/flexbv/flexbv
Log: /home/ricky/builds/elek-board-viewer/data/boardview_state/runtime_xdg/FlexBV5/logs/4110578.log
Schematic viewer: /opt/flexbv/fbvpdf
Schematic viewer log: /home/ricky/builds/elek-board-viewer/data/boardview_state/runtime_xdg/FlexBV5/logs/fbvpdf.log
Schematic viewer version: 5.7140
DDI path: /home/ricky/builds/elek-board-viewer/data/boardview_state/runtime_xdg/FlexBV5/ddi
Jobs path: /home/ricky/builds/elek-board-viewer/data/boardview_state/runtime_xdg/FlexBV5/jobs
Theme path: /home/ricky/builds/elek-board-viewer/data/boardview_state/runtime_xdg/FlexBV5/themes
Unable to open theme file '/home/ricky/builds/elek-board-viewer/data/boardview_state/runtime_xdg/FlexBV5/themes/Olive.fbvtheme' for reading, so generating a new one
Unable to open theme file '/home/ricky/builds/elek-board-viewer/data/boardview_state/runtime_xdg/FlexBV5/themes/Light.fbvtheme' for reading, so generating a new one
Unable to open theme file '/home/ricky/builds/elek-board-viewer/data/boardview_state/runtime_xdg/FlexBV5/themes/Dark.fbvtheme' for reading, so generating a new one
Unable to open theme file '/home/ricky/builds/elek-board-viewer/data/boardview_state/runtime_xdg/FlexBV5/themes/RobBrown.fbvtheme' for reading, so generating a new one
Unable to open theme file '/home/ricky/builds/elek-board-viewer/data/boardview_state/runtime_xdg/FlexBV5/themes/RetroBV.fbvtheme' for reading, so generating a new one
error: XDG_RUNTIME_DIR is invalid or not set in the environment.
SDL Renderer: software
Drawable size: 1600 x 900
Setting window postion to: 100, 100
error: XDG_RUNTIME_DIR is invalid or not set in the environment.
XIO:  fatal IO error 11 (Resource temporarily unavailable) on X server ":99"
      after 18160 requests (18160 known processed) with 0 events remaining.
XIO:  fatal IO error 2 (No such file or directory) on X server ":99"
      after 2492 requests (2492 known processed) with 5 events remaining.
2026-03-28T07:06:16Z Started FlexBV pid=4113430 board=/home/ricky/.openclaw/agents/diagnostics/workspace/schematics/A2681 820-02536/PJM-MLB.brd
Compiled against SDL version 3.4.2
Linking against SDL version 3.4.2
FlexBV bin: /opt/flexbv/flexbv
Log: /home/ricky/builds/elek-board-viewer/data/boardview_state/runtime_xdg/FlexBV5/logs/4113430.log
Schematic viewer: /opt/flexbv/fbvpdf
Schematic viewer log: /home/ricky/builds/elek-board-viewer/data/boardview_state/runtime_xdg/FlexBV5/logs/fbvpdf.log
Schematic viewer version: 5.7140
DDI path: /home/ricky/builds/elek-board-viewer/data/boardview_state/runtime_xdg/FlexBV5/ddi
Jobs path: /home/ricky/builds/elek-board-viewer/data/boardview_state/runtime_xdg/FlexBV5/jobs
Theme path: /home/ricky/builds/elek-board-viewer/data/boardview_state/runtime_xdg/FlexBV5/themes
SDL Renderer: software
Drawable size: 1600 x 900
Setting window postion to: 100, 100
XIO:  fatal IO error 11 (Resource temporarily unavailable) on X server ":99"
      after 6385 requests (6385 known processed) with 0 events remaining.
2026-03-28T07:08:16Z Started FlexBV pid=4114981 board=/home/ricky/.openclaw/agents/diagnostics/workspace/schematics/A2681 820-02536/PJM-MLB.brd
Compiled against SDL version 3.4.2
Linking against SDL version 3.4.2
FlexBV bin: /opt/flexbv/flexbv
Log: /home/ricky/builds/elek-board-viewer/data/boardview_state/runtime_xdg/FlexBV5/logs/4114981.log
Schematic viewer: /opt/flexbv/fbvpdf
Schematic viewer log: /home/ricky/builds/elek-board-viewer/data/boardview_state/runtime_xdg/FlexBV5/logs/fbvpdf.log
Schematic viewer version: 5.7140
DDI path: /home/ricky/builds/elek-board-viewer/data/boardview_state/runtime_xdg/FlexBV5/ddi
Jobs path: /home/ricky/builds/elek-board-viewer/data/boardview_state/runtime_xdg/FlexBV5/jobs
Theme path: /home/ricky/builds/elek-board-viewer/data/boardview_state/runtime_xdg/FlexBV5/themes
Unable to open theme file '/home/ricky/builds/elek-board-viewer/data/boardview_state/runtime_xdg/FlexBV5/themes/Olive.fbvtheme' for reading, so generating a new one
Unable to open theme file '/home/ricky/builds/elek-board-viewer/data/boardview_state/runtime_xdg/FlexBV5/themes/Light.fbvtheme' for reading, so generating a new one
Unable to open theme file '/home/ricky/builds/elek-board-viewer/data/boardview_state/runtime_xdg/FlexBV5/themes/Dark.fbvtheme' for reading, so generating a new one
Unable to open theme file '/home/ricky/builds/elek-board-viewer/data/boardview_state/runtime_xdg/FlexBV5/themes/RobBrown.fbvtheme' for reading, so generating a new one
Unable to open theme file '/home/ricky/builds/elek-board-viewer/data/boardview_state/runtime_xdg/FlexBV5/themes/RetroBV.fbvtheme' for reading, so generating a new one
SDL Renderer: software
Drawable size: 1600 x 900
Setting window postion to: 100, 100
2026-03-28T07:09:21Z Stopping FlexBV pid=4114981
2026-03-28T07:09:21Z Started FlexBV pid=4115642 board=/home/ricky/.openclaw/agents/diagnostics/workspace/schematics/A2681 820-02536/PJM-MLB.brd
Compiled against SDL version 3.4.2
Linking against SDL version 3.4.2
FlexBV bin: /opt/flexbv/flexbv
Log: /home/ricky/builds/elek-board-viewer/data/boardview_state/runtime_xdg/FlexBV5/logs/4115642.log
Schematic viewer: /opt/flexbv/fbvpdf
Schematic viewer log: /home/ricky/builds/elek-board-viewer/data/boardview_state/runtime_xdg/FlexBV5/logs/fbvpdf.log
Schematic viewer version: 5.7140
DDI path: /home/ricky/builds/elek-board-viewer/data/boardview_state/runtime_xdg/FlexBV5/ddi
Jobs path: /home/ricky/builds/elek-board-viewer/data/boardview_state/runtime_xdg/FlexBV5/jobs
Theme path: /home/ricky/builds/elek-board-viewer/data/boardview_state/runtime_xdg/FlexBV5/themes
Unable to open theme file '/home/ricky/builds/elek-board-viewer/data/boardview_state/runtime_xdg/FlexBV5/themes/Olive.fbvtheme' for reading, so generating a new one
Unable to open theme file '/home/ricky/builds/elek-board-viewer/data/boardview_state/runtime_xdg/FlexBV5/themes/Light.fbvtheme' for reading, so generating a new one
Unable to open theme file '/home/ricky/builds/elek-board-viewer/data/boardview_state/runtime_xdg/FlexBV5/themes/Dark.fbvtheme' for reading, so generating a new one
Unable to open theme file '/home/ricky/builds/elek-board-viewer/data/boardview_state/runtime_xdg/FlexBV5/themes/RobBrown.fbvtheme' for reading, so generating a new one
Unable to open theme file '/home/ricky/builds/elek-board-viewer/data/boardview_state/runtime_xdg/FlexBV5/themes/RetroBV.fbvtheme' for reading, so generating a new one
SDL Renderer: software
Drawable size: 1600 x 900
Setting window postion to: 100, 100
2026-03-28T07:10:45Z Stopping FlexBV pid=4115642
2026-03-28T07:10:45Z Started FlexBV pid=4117803 board=/home/ricky/.openclaw/agents/diagnostics/workspace/schematics/A2338 M2 820-02773/820-02773.brd
Compiled against SDL version 3.4.2
Linking against SDL version 3.4.2
FlexBV bin: /opt/flexbv/flexbv
Log: /home/ricky/builds/elek-board-viewer/data/boardview_state/runtime_xdg/FlexBV5/logs/4117803.log
Schematic viewer: /opt/flexbv/fbvpdf
Schematic viewer log: /home/ricky/builds/elek-board-viewer/data/boardview_state/runtime_xdg/FlexBV5/logs/fbvpdf.log
Schematic viewer version: 5.7140
DDI path: /home/ricky/builds/elek-board-viewer/data/boardview_state/runtime_xdg/FlexBV5/ddi
Jobs path: /home/ricky/builds/elek-board-viewer/data/boardview_state/runtime_xdg/FlexBV5/jobs
Theme path: /home/ricky/builds/elek-board-viewer/data/boardview_state/runtime_xdg/FlexBV5/themes
Unable to open theme file '/home/ricky/builds/elek-board-viewer/data/boardview_state/runtime_xdg/FlexBV5/themes/Olive.fbvtheme' for reading, so generating a new one
Unable to open theme file '/home/ricky/builds/elek-board-viewer/data/boardview_state/runtime_xdg/FlexBV5/themes/Light.fbvtheme' for reading, so generating a new one
Unable to open theme file '/home/ricky/builds/elek-board-viewer/data/boardview_state/runtime_xdg/FlexBV5/themes/Dark.fbvtheme' for reading, so generating a new one
Unable to open theme file '/home/ricky/builds/elek-board-viewer/data/boardview_state/runtime_xdg/FlexBV5/themes/RobBrown.fbvtheme' for reading, so generating a new one
Unable to open theme file '/home/ricky/builds/elek-board-viewer/data/boardview_state/runtime_xdg/FlexBV5/themes/RetroBV.fbvtheme' for reading, so generating a new one
SDL Renderer: software
Drawable size: 1600 x 900
Setting window postion to: 100, 100
2026-03-28T07:12:53Z Stopping FlexBV pid=4117803
2026-03-28T07:12:53Z Started FlexBV pid=4118964 board=/home/ricky/.openclaw/agents/diagnostics/workspace/schematics/A2681 820-02536/PJM-MLB.brd
Compiled against SDL version 3.4.2
Linking against SDL version 3.4.2
FlexBV bin: /opt/flexbv/flexbv
Log: /home/ricky/builds/elek-board-viewer/data/boardview_state/runtime_xdg/FlexBV5/logs/4118964.log
Schematic viewer: /opt/flexbv/fbvpdf
Schematic viewer log: /home/ricky/builds/elek-board-viewer/data/boardview_state/runtime_xdg/FlexBV5/logs/fbvpdf.log
Schematic viewer version: 5.7140
DDI path: /home/ricky/builds/elek-board-viewer/data/boardview_state/runtime_xdg/FlexBV5/ddi
Jobs path: /home/ricky/builds/elek-board-viewer/data/boardview_state/runtime_xdg/FlexBV5/jobs
Theme path: /home/ricky/builds/elek-board-viewer/data/boardview_state/runtime_xdg/FlexBV5/themes
Unable to open theme file '/home/ricky/builds/elek-board-viewer/data/boardview_state/runtime_xdg/FlexBV5/themes/Olive.fbvtheme' for reading, so generating a new one
Unable to open theme file '/home/ricky/builds/elek-board-viewer/data/boardview_state/runtime_xdg/FlexBV5/themes/Light.fbvtheme' for reading, so generating a new one
Unable to open theme file '/home/ricky/builds/elek-board-viewer/data/boardview_state/runtime_xdg/FlexBV5/themes/Dark.fbvtheme' for reading, so generating a new one
Unable to open theme file '/home/ricky/builds/elek-board-viewer/data/boardview_state/runtime_xdg/FlexBV5/themes/RobBrown.fbvtheme' for reading, so generating a new one
Unable to open theme file '/home/ricky/builds/elek-board-viewer/data/boardview_state/runtime_xdg/FlexBV5/themes/RetroBV.fbvtheme' for reading, so generating a new one
SDL Renderer: software
Drawable size: 1600 x 900
Setting window postion to: 100, 100
2026-03-28T07:57:03Z Stopping FlexBV pid=4118964
2026-03-28T07:57:04Z Started FlexBV pid=4138178 board=/home/ricky/.openclaw/agents/diagnostics/workspace/schematics/A2681 820-02536/PJM-MLB.brd
Compiled against SDL version 3.4.2
Linking against SDL version 3.4.2
FlexBV bin: /opt/flexbv/flexbv
Log: /home/ricky/builds/elek-board-viewer/data/boardview_state/runtime_xdg/FlexBV5/logs/4138178.log
Schematic viewer: /opt/flexbv/fbvpdf
Schematic viewer log: /home/ricky/builds/elek-board-viewer/data/boardview_state/runtime_xdg/FlexBV5/logs/fbvpdf.log
Schematic viewer version: 5.7140
DDI path: /home/ricky/builds/elek-board-viewer/data/boardview_state/runtime_xdg/FlexBV5/ddi
Jobs path: /home/ricky/builds/elek-board-viewer/data/boardview_state/runtime_xdg/FlexBV5/jobs
Theme path: /home/ricky/builds/elek-board-viewer/data/boardview_state/runtime_xdg/FlexBV5/themes
Unable to open theme file '/home/ricky/builds/elek-board-viewer/data/boardview_state/runtime_xdg/FlexBV5/themes/Olive.fbvtheme' for reading, so generating a new one
Unable to open theme file '/home/ricky/builds/elek-board-viewer/data/boardview_state/runtime_xdg/FlexBV5/themes/Light.fbvtheme' for reading, so generating a new one
Unable to open theme file '/home/ricky/builds/elek-board-viewer/data/boardview_state/runtime_xdg/FlexBV5/themes/Dark.fbvtheme' for reading, so generating a new one
Unable to open theme file '/home/ricky/builds/elek-board-viewer/data/boardview_state/runtime_xdg/FlexBV5/themes/RobBrown.fbvtheme' for reading, so generating a new one
Unable to open theme file '/home/ricky/builds/elek-board-viewer/data/boardview_state/runtime_xdg/FlexBV5/themes/RetroBV.fbvtheme' for reading, so generating a new one
SDL Renderer: software
Drawable size: 1600 x 900
Setting window postion to: 100, 100
2026-03-28T08:14:29Z Stopping FlexBV pid=4138178
2026-03-28T08:14:29Z Started FlexBV pid=4144476 board=/home/ricky/.openclaw/agents/diagnostics/workspace/schematics/A2681 820-02536/PJM-MLB.brd
Compiled against SDL version 3.4.2
Linking against SDL version 3.4.2
FlexBV bin: /opt/flexbv/flexbv
Log: /home/ricky/builds/elek-board-viewer/data/boardview_state/runtime_xdg/FlexBV5/logs/4144476.log
Schematic viewer: /opt/flexbv/fbvpdf
Schematic viewer log: /home/ricky/builds/elek-board-viewer/data/boardview_state/runtime_xdg/FlexBV5/logs/fbvpdf.log
Schematic viewer version: 5.7140
DDI path: /home/ricky/builds/elek-board-viewer/data/boardview_state/runtime_xdg/FlexBV5/ddi
Jobs path: /home/ricky/builds/elek-board-viewer/data/boardview_state/runtime_xdg/FlexBV5/jobs
Theme path: /home/ricky/builds/elek-board-viewer/data/boardview_state/runtime_xdg/FlexBV5/themes
Unable to open theme file '/home/ricky/builds/elek-board-viewer/data/boardview_state/runtime_xdg/FlexBV5/themes/Olive.fbvtheme' for reading, so generating a new one
Unable to open theme file '/home/ricky/builds/elek-board-viewer/data/boardview_state/runtime_xdg/FlexBV5/themes/Light.fbvtheme' for reading, so generating a new one
Unable to open theme file '/home/ricky/builds/elek-board-viewer/data/boardview_state/runtime_xdg/FlexBV5/themes/Dark.fbvtheme' for reading, so generating a new one
Unable to open theme file '/home/ricky/builds/elek-board-viewer/data/boardview_state/runtime_xdg/FlexBV5/themes/RobBrown.fbvtheme' for reading, so generating a new one
Unable to open theme file '/home/ricky/builds/elek-board-viewer/data/boardview_state/runtime_xdg/FlexBV5/themes/RetroBV.fbvtheme' for reading, so generating a new one
SDL Renderer: software
Drawable size: 1600 x 900
Setting window postion to: 100, 100
2026-03-29T05:20:59Z Stopping FlexBV pid=4144476
2026-03-29T05:20:59Z Started FlexBV pid=288470 board=/home/ricky/.openclaw/agents/diagnostics/workspace/schematics/A2681 820-02536/PJM-MLB.brd
Compiled against SDL version 3.4.2
Linking against SDL version 3.4.2
FlexBV bin: /opt/flexbv/flexbv
Log: /home/ricky/builds/elek-board-viewer/data/boardview_state/runtime_xdg/FlexBV5/logs/288470.log
Schematic viewer: /opt/flexbv/fbvpdf
Schematic viewer log: /home/ricky/builds/elek-board-viewer/data/boardview_state/runtime_xdg/FlexBV5/logs/fbvpdf.log
Schematic viewer version: 5.7140
DDI path: /home/ricky/builds/elek-board-viewer/data/boardview_state/runtime_xdg/FlexBV5/ddi
Jobs path: /home/ricky/builds/elek-board-viewer/data/boardview_state/runtime_xdg/FlexBV5/jobs
Theme path: /home/ricky/builds/elek-board-viewer/data/boardview_state/runtime_xdg/FlexBV5/themes
Unable to open theme file '/home/ricky/builds/elek-board-viewer/data/boardview_state/runtime_xdg/FlexBV5/themes/Olive.fbvtheme' for reading, so generating a new one
Unable to open theme file '/home/ricky/builds/elek-board-viewer/data/boardview_state/runtime_xdg/FlexBV5/themes/Light.fbvtheme' for reading, so generating a new one
Unable to open theme file '/home/ricky/builds/elek-board-viewer/data/boardview_state/runtime_xdg/FlexBV5/themes/Dark.fbvtheme' for reading, so generating a new one
Unable to open theme file '/home/ricky/builds/elek-board-viewer/data/boardview_state/runtime_xdg/FlexBV5/themes/RobBrown.fbvtheme' for reading, so generating a new one
Unable to open theme file '/home/ricky/builds/elek-board-viewer/data/boardview_state/runtime_xdg/FlexBV5/themes/RetroBV.fbvtheme' for reading, so generating a new one
SDL Renderer: software
Drawable size: 1600 x 900
Setting window postion to: 100, 100
2026-03-29T05:21:34Z Stopping FlexBV pid=288470
2026-03-29T05:21:34Z Started FlexBV pid=288664 board=/home/ricky/.openclaw/agents/diagnostics/workspace/schematics/A2681 820-02536/PJM-MLB.brd
Compiled against SDL version 3.4.2
Linking against SDL version 3.4.2
FlexBV bin: /opt/flexbv/flexbv
Log: /home/ricky/builds/elek-board-viewer/data/boardview_state/runtime_xdg/FlexBV5/logs/288664.log
Schematic viewer: /opt/flexbv/fbvpdf
Schematic viewer log: /home/ricky/builds/elek-board-viewer/data/boardview_state/runtime_xdg/FlexBV5/logs/fbvpdf.log
Schematic viewer version: 5.7140
DDI path: /home/ricky/builds/elek-board-viewer/data/boardview_state/runtime_xdg/FlexBV5/ddi
Jobs path: /home/ricky/builds/elek-board-viewer/data/boardview_state/runtime_xdg/FlexBV5/jobs
Theme path: /home/ricky/builds/elek-board-viewer/data/boardview_state/runtime_xdg/FlexBV5/themes
Unable to open theme file '/home/ricky/builds/elek-board-viewer/data/boardview_state/runtime_xdg/FlexBV5/themes/Olive.fbvtheme' for reading, so generating a new one
Unable to open theme file '/home/ricky/builds/elek-board-viewer/data/boardview_state/runtime_xdg/FlexBV5/themes/Light.fbvtheme' for reading, so generating a new one
Unable to open theme file '/home/ricky/builds/elek-board-viewer/data/boardview_state/runtime_xdg/FlexBV5/themes/Dark.fbvtheme' for reading, so generating a new one
Unable to open theme file '/home/ricky/builds/elek-board-viewer/data/boardview_state/runtime_xdg/FlexBV5/themes/RobBrown.fbvtheme' for reading, so generating a new one
Unable to open theme file '/home/ricky/builds/elek-board-viewer/data/boardview_state/runtime_xdg/FlexBV5/themes/RetroBV.fbvtheme' for reading, so generating a new one
SDL Renderer: software
Drawable size: 1600 x 900
Setting window postion to: 100, 100
2026-03-29T05:28:07Z Stopping FlexBV pid=288664
2026-03-29T05:28:07Z Started FlexBV pid=290038 board=/home/ricky/.openclaw/agents/diagnostics/workspace/schematics/A2681 820-02536/PJM-MLB.brd
Compiled against SDL version 3.4.2
Linking against SDL version 3.4.2
FlexBV bin: /opt/flexbv/flexbv
Log: /home/ricky/builds/elek-board-viewer/data/boardview_state/runtime_xdg/FlexBV5/logs/290038.log
Schematic viewer: /opt/flexbv/fbvpdf
Schematic viewer log: /home/ricky/builds/elek-board-viewer/data/boardview_state/runtime_xdg/FlexBV5/logs/fbvpdf.log
Schematic viewer version: 5.7140
DDI path: /home/ricky/builds/elek-board-viewer/data/boardview_state/runtime_xdg/FlexBV5/ddi
Jobs path: /home/ricky/builds/elek-board-viewer/data/boardview_state/runtime_xdg/FlexBV5/jobs
Theme path: /home/ricky/builds/elek-board-viewer/data/boardview_state/runtime_xdg/FlexBV5/themes
Unable to open theme file '/home/ricky/builds/elek-board-viewer/data/boardview_state/runtime_xdg/FlexBV5/themes/Olive.fbvtheme' for reading, so generating a new one
Unable to open theme file '/home/ricky/builds/elek-board-viewer/data/boardview_state/runtime_xdg/FlexBV5/themes/Light.fbvtheme' for reading, so generating a new one
Unable to open theme file '/home/ricky/builds/elek-board-viewer/data/boardview_state/runtime_xdg/FlexBV5/themes/Dark.fbvtheme' for reading, so generating a new one
Unable to open theme file '/home/ricky/builds/elek-board-viewer/data/boardview_state/runtime_xdg/FlexBV5/themes/RobBrown.fbvtheme' for reading, so generating a new one
Unable to open theme file '/home/ricky/builds/elek-board-viewer/data/boardview_state/runtime_xdg/FlexBV5/themes/RetroBV.fbvtheme' for reading, so generating a new one
SDL Renderer: software
Drawable size: 1600 x 900
Setting window postion to: 100, 100
2026-04-01T04:27:07Z Started FlexBV pid=835564 board=/home/ricky/builds/elek-board-viewer/schematics/A2681 820-02536/PJM-MLB.brd
Compiled against SDL version 3.4.2
Linking against SDL version 3.4.2
FlexBV bin: /opt/flexbv/flexbv
Log: /home/ricky/builds/elek-board-viewer/data/boardview_state/runtime_xdg/FlexBV5/logs/835564.log
Schematic viewer: /opt/flexbv/fbvpdf
Schematic viewer log: /home/ricky/builds/elek-board-viewer/data/boardview_state/runtime_xdg/FlexBV5/logs/fbvpdf.log
Schematic viewer version: 5.7140
DDI path: /home/ricky/builds/elek-board-viewer/data/boardview_state/runtime_xdg/FlexBV5/ddi
Jobs path: /home/ricky/builds/elek-board-viewer/data/boardview_state/runtime_xdg/FlexBV5/jobs
Theme path: /home/ricky/builds/elek-board-viewer/data/boardview_state/runtime_xdg/FlexBV5/themes
Unable to open theme file '/home/ricky/builds/elek-board-viewer/data/boardview_state/runtime_xdg/FlexBV5/themes/Olive.fbvtheme' for reading, so generating a new one
Unable to open theme file '/home/ricky/builds/elek-board-viewer/data/boardview_state/runtime_xdg/FlexBV5/themes/Light.fbvtheme' for reading, so generating a new one
Unable to open theme file '/home/ricky/builds/elek-board-viewer/data/boardview_state/runtime_xdg/FlexBV5/themes/Dark.fbvtheme' for reading, so generating a new one
Unable to open theme file '/home/ricky/builds/elek-board-viewer/data/boardview_state/runtime_xdg/FlexBV5/themes/RobBrown.fbvtheme' for reading, so generating a new one
Unable to open theme file '/home/ricky/builds/elek-board-viewer/data/boardview_state/runtime_xdg/FlexBV5/themes/RetroBV.fbvtheme' for reading, so generating a new one
SDL Renderer: software
Drawable size: 1600 x 900
Setting window postion to: 100, 100
