{"board": "A2681", "component": "C8430", "duration_ms": 9332.18, "requested_mode": "info-only", "revision": "820-02536", "timestamp": "2026-03-28T07:00:46Z"}
{"board": "A2681", "component": "C8430", "duration_ms": 13906.36, "requested_mode": "screenshot", "revision": "820-02536", "timestamp": "2026-03-28T07:00:50Z"}
{"board": "A2681", "component": "C8430", "duration_ms": 2080.74, "requested_mode": "screenshot", "revision": "820-02536", "timestamp": "2026-03-28T07:02:47Z"}
{"board": "A2681", "component": "C8430", "duration_ms": 9299.42, "requested_mode": "info-only", "revision": "820-02536", "timestamp": "2026-03-28T07:06:13Z"}
{"board": "A2681", "component": "C8430", "duration_ms": 6948.54, "requested_mode": "screenshot", "revision": "820-02536", "timestamp": "2026-03-28T07:06:22Z"}
{"board": "A2681", "component": "C8430", "duration_ms": 16206.28, "requested_mode": "screenshot", "revision": "820-02536", "timestamp": "2026-03-28T07:08:23Z"}
{"board": "A2681", "component": "C8430", "duration_ms": 6463.98, "requested_mode": "screenshot", "revision": "820-02536", "timestamp": "2026-03-28T07:09:27Z"}
{"board": "A2338", "component": "C0610", "duration_ms": 25.98, "requested_mode": "info-only", "revision": "820-02773", "timestamp": "2026-03-28T07:10:35Z"}
{"board": "A2338", "component": "C0500", "duration_ms": 25.65, "requested_mode": "info-only", "revision": "820-02020", "timestamp": "2026-03-28T07:10:35Z"}
{"board": "A2442", "component": "BM0400", "duration_ms": 36.94, "requested_mode": "info-only", "revision": "820-02098", "timestamp": "2026-03-28T07:10:35Z"}
{"board": "A2338", "component": "C0610", "duration_ms": 6486.07, "requested_mode": "screenshot", "revision": "820-02773", "timestamp": "2026-03-28T07:10:51Z"}
{"board": null, "component": "C8430", "duration_ms": 0.3, "requested_mode": "screenshot", "revision": null, "timestamp": "2026-03-28T07:11:23Z"}
{"board": "A2681", "component": "DOESNOTEXIST", "duration_ms": 22.69, "requested_mode": "screenshot", "revision": "820-02536", "timestamp": "2026-03-28T07:11:23Z"}
{"board": "A2681", "component": "C8430", "duration_ms": 25.26, "requested_mode": "info-only", "revision": "820-02536", "timestamp": "2026-03-28T07:12:53Z"}
{"board": "A2338", "component": "C0610", "duration_ms": 25.91, "requested_mode": "info-only", "revision": "820-02773", "timestamp": "2026-03-28T07:12:53Z"}
{"board": "A2338", "component": "C0500", "duration_ms": 26.47, "requested_mode": "info-only", "revision": "820-02020", "timestamp": "2026-03-28T07:12:53Z"}
{"board": "A2442", "component": "BM0400", "duration_ms": 37.66, "requested_mode": "info-only", "revision": "820-02098", "timestamp": "2026-03-28T07:12:53Z"}
{"board": "A2681", "component": "C8430", "duration_ms": 6526.23, "requested_mode": "screenshot", "revision": "820-02536", "timestamp": "2026-03-28T07:13:00Z"}
{"board": null, "component": "C8430", "duration_ms": 0.27, "requested_mode": "screenshot", "revision": null, "timestamp": "2026-03-28T07:13:00Z"}
{"board": "A2681", "component": "DOESNOTEXIST", "duration_ms": 24.72, "requested_mode": "screenshot", "revision": "820-02536", "timestamp": "2026-03-28T07:13:00Z"}
{"board": "A2681", "component": "C8430", "duration_ms": 25.38, "requested_mode": "info-only", "revision": "820-02536", "timestamp": "2026-03-28T07:46:37Z"}
{"board": "A2681", "component": "C8430", "duration_ms": 24.28, "requested_mode": "info-only", "revision": "820-02536", "timestamp": "2026-03-28T07:57:03Z"}
{"board": "A2338", "component": "C0610", "duration_ms": 26.04, "requested_mode": "info-only", "revision": "820-02773", "timestamp": "2026-03-28T07:57:03Z"}
{"board": "A2338", "component": "C0500", "duration_ms": 26.41, "requested_mode": "info-only", "revision": "820-02020", "timestamp": "2026-03-28T07:57:03Z"}
{"board": "A2442", "component": "BM0400", "duration_ms": 37.01, "requested_mode": "info-only", "revision": "820-02098", "timestamp": "2026-03-28T07:57:03Z"}
{"board": "A2681", "component": "C8430", "duration_ms": 6431.27, "requested_mode": "screenshot", "revision": "820-02536", "timestamp": "2026-03-28T07:57:10Z"}
{"board": null, "component": "C8430", "duration_ms": 0.27, "requested_mode": "screenshot", "revision": null, "timestamp": "2026-03-28T07:57:10Z"}
{"board": "A2681", "component": "DOESNOTEXIST", "duration_ms": 24.11, "requested_mode": "screenshot", "revision": "820-02536", "timestamp": "2026-03-28T07:57:10Z"}
{"board": null, "component": "C8430", "duration_ms": 0.25, "requested_mode": "screenshot", "revision": null, "timestamp": "2026-03-28T07:57:37Z"}
{"board": "A2681", "component": "NOTACOMPONENT", "duration_ms": 23.76, "requested_mode": "info-only", "revision": "820-02536", "timestamp": "2026-03-28T07:57:39Z"}
{"board": "A2681", "component": "C8430", "duration_ms": 22.5, "requested_mode": "info-only", "revision": "820-02536", "timestamp": "2026-03-28T08:14:28Z"}
{"board": "A2681", "component": "C8430", "duration_ms": 22.09, "requested_mode": "info-only", "revision": "820-02536", "timestamp": "2026-03-28T08:14:28Z"}
{"board": "A2338", "component": "C0610", "duration_ms": 26.64, "requested_mode": "info-only", "revision": "820-02773", "timestamp": "2026-03-28T08:14:28Z"}
{"board": "A2338", "component": "C0500", "duration_ms": 25.34, "requested_mode": "info-only", "revision": "820-02020", "timestamp": "2026-03-28T08:14:28Z"}
{"board": "A2442", "component": "BM0400", "duration_ms": 38.08, "requested_mode": "info-only", "revision": "820-02098", "timestamp": "2026-03-28T08:14:28Z"}
{"board": "A2681", "component": "C8430", "duration_ms": 6471.51, "requested_mode": "screenshot", "revision": "820-02536", "timestamp": "2026-03-28T08:14:35Z"}
{"board": null, "component": "C8430", "duration_ms": 0.25, "requested_mode": "screenshot", "revision": null, "timestamp": "2026-03-28T08:14:35Z"}
{"board": "A2681", "component": "DOESNOTEXIST", "duration_ms": 23.02, "requested_mode": "screenshot", "revision": "820-02536", "timestamp": "2026-03-28T08:14:35Z"}
{"board": "A2681", "component": "C8430", "duration_ms": 22.41, "requested_mode": "info-only", "revision": "820-02536", "timestamp": "2026-03-29T05:20:52Z"}
{"board": "A2681", "component": "C8430", "duration_ms": 6458.84, "requested_mode": "screenshot", "revision": "820-02536", "timestamp": "2026-03-29T05:21:05Z"}
{"board": "A2681", "component": "FAKECHIP", "duration_ms": 23.18, "requested_mode": "info-only", "revision": "820-02536", "timestamp": "2026-03-29T05:21:34Z"}
{"board": "A2681", "component": "U0600", "duration_ms": 24.34, "requested_mode": "info-only", "revision": "820-02536", "timestamp": "2026-03-29T05:21:34Z"}
{"board": "A2681", "component": "U8100", "duration_ms": 6521.86, "requested_mode": "screenshot", "revision": "820-02536", "timestamp": "2026-03-29T05:21:40Z"}
{"board": "A2681", "component": "C8430", "duration_ms": 23.05, "requested_mode": "info-only", "revision": "820-02536", "timestamp": "2026-03-29T05:21:54Z"}
{"board": "A2681", "component": "C8430", "duration_ms": 23.08, "requested_mode": "info-only", "revision": "820-02536", "timestamp": "2026-03-29T05:21:54Z"}
{"board": "A2338", "component": "U8100", "duration_ms": 26.4, "requested_mode": "info-only", "revision": "820-02020", "timestamp": "2026-03-29T05:21:54Z"}
{"board": "A3113", "component": "R5510", "duration_ms": 9337.41, "requested_mode": "info-only", "revision": "820-03286", "timestamp": "2026-03-29T05:22:03Z"}
{"board": "A2681", "component": "U5200", "duration_ms": 6425.43, "requested_mode": "screenshot", "revision": "820-02536", "timestamp": "2026-03-29T05:28:14Z"}
{"board": "A2681", "component": "C8430", "duration_ms": 22.9, "requested_mode": "info-only", "revision": "820-02536", "timestamp": "2026-03-29T05:53:52Z"}
{"board": "A2681", "component": "U5200", "duration_ms": 22.27, "requested_mode": "info-only", "revision": "820-02536", "timestamp": "2026-03-29T05:53:53Z"}
{"board": "A2681", "component": "C8430", "duration_ms": 23.77, "requested_mode": "info-only", "revision": "820-02536", "timestamp": "2026-03-29T06:48:49Z"}
{"board": "A2681", "component": "C8430", "duration_ms": 22.83, "error_code": null, "requested_mode": "info-only", "revision": "820-02536", "status": "ok", "timestamp": "2026-03-29T06:53:36Z"}
{"board": "A2338", "component": "C0610", "duration_ms": 31.77, "error_code": null, "requested_mode": "info-only", "revision": "820-02773", "status": "ok", "timestamp": "2026-03-29T06:53:36Z"}
{"board": "A2338", "component": "C0500", "duration_ms": 26.11, "error_code": null, "requested_mode": "info-only", "revision": "820-02020", "status": "ok", "timestamp": "2026-03-29T06:53:36Z"}
{"board": "A2442", "component": "BM0400", "duration_ms": 37.63, "error_code": null, "requested_mode": "info-only", "revision": "820-02098", "status": "ok", "timestamp": "2026-03-29T06:53:36Z"}
{"board": "A2681", "component": "C8430", "duration_ms": 2194.77, "error_code": null, "requested_mode": "screenshot", "revision": "820-02536", "status": "ok", "timestamp": "2026-03-29T06:53:38Z"}
{"board": null, "component": "C8430", "duration_ms": 0.23, "error_code": "board_not_found", "requested_mode": "screenshot", "revision": null, "status": "error", "timestamp": "2026-03-29T06:53:38Z"}
{"board": "A2681", "component": "DOESNOTEXIST", "duration_ms": 25.86, "error_code": "component_not_found", "requested_mode": "info-only", "revision": "820-02536", "status": "error", "timestamp": "2026-03-29T06:53:39Z"}
{"board": "A2681", "component": "DOESNOTEXIST", "duration_ms": 323.21, "error_code": null, "requested_mode": "screenshot", "revision": "820-02536", "status": "ok", "timestamp": "2026-03-29T06:53:39Z"}
{"board": "A2681", "component": "C8430", "duration_ms": 2222.49, "error_code": null, "requested_mode": "screenshot", "revision": "820-02536", "status": "ok", "timestamp": "2026-03-29T06:53:55Z"}
{"board": "A2681", "component": "U5200", "duration_ms": 4456.86, "error_code": null, "requested_mode": "screenshot", "revision": "820-02536", "status": "ok", "timestamp": "2026-03-29T06:53:58Z"}
{"board": "A2681", "component": "C8430", "duration_ms": 1604.86, "error_code": null, "requested_mode": "screenshot", "revision": "820-02536", "status": "ok", "timestamp": "2026-03-29T07:06:33Z"}
{"board": "A2681", "component": "U5200", "duration_ms": 2126.89, "error_code": null, "requested_mode": "screenshot", "revision": "820-02536", "status": "ok", "timestamp": "2026-03-29T07:06:34Z"}
{"board": "A2681", "component": "C8430", "duration_ms": 23.69, "error_code": null, "requested_mode": "info-only", "revision": "820-02536", "status": "ok", "timestamp": "2026-03-29T07:10:01Z"}
{"board": "A2338", "component": "C0610", "duration_ms": 26.61, "error_code": null, "requested_mode": "info-only", "revision": "820-02773", "status": "ok", "timestamp": "2026-03-29T07:10:01Z"}
{"board": "A2338", "component": "C0500", "duration_ms": 26.45, "error_code": null, "requested_mode": "info-only", "revision": "820-02020", "status": "ok", "timestamp": "2026-03-29T07:10:01Z"}
{"board": "A2442", "component": "BM0400", "duration_ms": 39.95, "error_code": null, "requested_mode": "info-only", "revision": "820-02098", "status": "ok", "timestamp": "2026-03-29T07:10:01Z"}
{"board": "A2681", "component": "C8430", "duration_ms": 515.63, "error_code": null, "requested_mode": "screenshot", "revision": "820-02536", "status": "ok", "timestamp": "2026-03-29T07:10:02Z"}
{"board": "A2681", "component": "C8430", "duration_ms": 403.96, "error_code": null, "requested_mode": "screenshot", "revision": "820-02536", "status": "ok", "timestamp": "2026-03-29T07:10:02Z"}
{"board": null, "component": "C8430", "duration_ms": 0.25, "error_code": "board_not_found", "requested_mode": "screenshot", "revision": null, "status": "error", "timestamp": "2026-03-29T07:10:02Z"}
{"board": "A2681", "component": "DOESNOTEXIST", "duration_ms": 22.65, "error_code": "component_not_found", "requested_mode": "info-only", "revision": "820-02536", "status": "error", "timestamp": "2026-03-29T07:10:02Z"}
{"board": "A2681", "component": "DOESNOTEXIST", "duration_ms": 317.33, "error_code": null, "requested_mode": "screenshot", "revision": "820-02536", "status": "ok", "timestamp": "2026-03-29T07:10:03Z"}
{"board": "A2681", "component": "J7600", "duration_ms": 292.34, "error_code": null, "requested_mode": "screenshot", "revision": "820-02536", "status": "ok", "timestamp": "2026-03-29T07:10:53Z"}
{"board": "A2681", "component": "JP600", "duration_ms": 415.26, "error_code": null, "requested_mode": "screenshot", "revision": "820-02536", "status": "ok", "timestamp": "2026-03-29T07:11:05Z"}
{"board": "A2681", "component": "C8430", "duration_ms": 9638.56, "error_code": null, "requested_mode": "screenshot", "revision": "820-02536", "status": "ok", "timestamp": "2026-03-29T07:13:04Z"}
{"board": "A2681", "component": "C8430", "duration_ms": 32.11, "error_code": null, "requested_mode": "info-only", "revision": "820-02536", "status": "ok", "timestamp": "2026-03-29T07:13:10Z"}
{"board": "A2681", "component": "C8430", "duration_ms": 142.58, "error_code": null, "requested_mode": "info-only", "revision": "820-02536", "status": "ok", "timestamp": "2026-03-29T07:15:55Z"}
{"board": "A2681", "component": "U5200", "duration_ms": 23.37, "error_code": null, "requested_mode": "info-only", "revision": "820-02536", "status": "ok", "timestamp": "2026-03-29T07:15:55Z"}
{"board": "A2338", "component": "C0610", "duration_ms": 9342.92, "error_code": null, "requested_mode": "info-only", "revision": "820-02773", "status": "ok", "timestamp": "2026-03-29T07:16:05Z"}
{"board": "A2338", "component": "C0500", "duration_ms": 9442.54, "error_code": null, "requested_mode": "info-only", "revision": "820-02020", "status": "ok", "timestamp": "2026-03-29T07:16:14Z"}
{"board": "A2442", "component": "BM0400", "duration_ms": 9441.61, "error_code": null, "requested_mode": "info-only", "revision": "820-02098", "status": "ok", "timestamp": "2026-03-29T07:16:24Z"}
{"board": "A2681", "component": "C8430", "duration_ms": 555.13, "error_code": null, "requested_mode": "screenshot", "revision": "820-02536", "status": "ok", "timestamp": "2026-03-29T07:16:24Z"}
{"board": "A2681", "component": "C8430", "duration_ms": 392.98, "error_code": null, "requested_mode": "screenshot", "revision": "820-02536", "status": "ok", "timestamp": "2026-03-29T07:16:25Z"}
{"board": null, "component": "C8430", "duration_ms": 0.44, "error_code": "board_not_found", "requested_mode": "screenshot", "revision": null, "status": "error", "timestamp": "2026-03-29T07:16:25Z"}
{"board": "A2681", "component": "DOESNOTEXIST", "duration_ms": 23.07, "error_code": "component_not_found", "requested_mode": "info-only", "revision": "820-02536", "status": "error", "timestamp": "2026-03-29T07:16:25Z"}
{"board": "A2681", "component": "DOESNOTEXIST", "duration_ms": 320.62, "error_code": null, "requested_mode": "screenshot", "revision": "820-02536", "status": "ok", "timestamp": "2026-03-29T07:16:25Z"}
{"board": "A2681", "component": "C8430", "duration_ms": 22.95, "error_code": null, "requested_mode": "info-only", "revision": "820-02536", "status": "ok", "timestamp": "2026-03-29T07:20:42Z"}
{"board": "A2681", "component": "U5200", "duration_ms": 24.21, "error_code": null, "requested_mode": "info-only", "revision": "820-02536", "status": "ok", "timestamp": "2026-03-29T07:20:42Z"}
{"board": "A2338", "component": "C0610", "duration_ms": 26.32, "error_code": null, "requested_mode": "info-only", "revision": "820-02773", "status": "ok", "timestamp": "2026-03-29T07:20:42Z"}
{"board": "A2338", "component": "C0500", "duration_ms": 26.52, "error_code": null, "requested_mode": "info-only", "revision": "820-02020", "status": "ok", "timestamp": "2026-03-29T07:20:42Z"}
{"board": "A2442", "component": "BM0400", "duration_ms": 37.7, "error_code": null, "requested_mode": "info-only", "revision": "820-02098", "status": "ok", "timestamp": "2026-03-29T07:20:43Z"}
{"board": "A2681", "component": "C8430", "duration_ms": 573.85, "error_code": null, "requested_mode": "screenshot", "revision": "820-02536", "status": "ok", "timestamp": "2026-03-29T07:20:43Z"}
{"board": "A2681", "component": "C8430", "duration_ms": 404.3, "error_code": null, "requested_mode": "screenshot", "revision": "820-02536", "status": "ok", "timestamp": "2026-03-29T07:20:44Z"}
{"board": "A2681", "component": "U5200,C8430", "duration_ms": 631.74, "error_code": null, "requested_mode": "screenshot", "revision": "820-02536", "status": "ok", "timestamp": "2026-03-29T07:20:44Z"}
{"board": null, "component": "C8430", "duration_ms": 0.41, "error_code": "board_not_found", "requested_mode": "screenshot", "revision": null, "status": "error", "timestamp": "2026-03-29T07:20:45Z"}
{"board": "A2681", "component": "DOESNOTEXIST", "duration_ms": 22.46, "error_code": "component_not_found", "requested_mode": "info-only", "revision": "820-02536", "status": "error", "timestamp": "2026-03-29T07:20:45Z"}
{"board": "A2681", "component": "DOESNOTEXIST", "duration_ms": 324.21, "error_code": null, "requested_mode": "screenshot", "revision": "820-02536", "status": "ok", "timestamp": "2026-03-29T07:20:45Z"}
{"board": "A2681", "component": "U5200,C8430", "duration_ms": 673.95, "error_code": null, "requested_mode": "screenshot", "revision": "820-02536", "status": "ok", "timestamp": "2026-03-29T07:20:58Z"}
{"board": "A2681", "component": "C8430", "duration_ms": 23.81, "error_code": null, "requested_mode": "info-only", "revision": "820-02536", "status": "ok", "timestamp": "2026-03-29T07:25:35Z"}
{"board": "A2681", "component": "U5200", "duration_ms": 23.84, "error_code": null, "requested_mode": "info-only", "revision": "820-02536", "status": "ok", "timestamp": "2026-03-29T07:25:35Z"}
{"board": "A2338", "component": "C0610", "duration_ms": 26.9, "error_code": null, "requested_mode": "info-only", "revision": "820-02773", "status": "ok", "timestamp": "2026-03-29T07:25:35Z"}
{"board": "A2338", "component": "C0500", "duration_ms": 27.31, "error_code": null, "requested_mode": "info-only", "revision": "820-02020", "status": "ok", "timestamp": "2026-03-29T07:25:35Z"}
{"board": "A2442", "component": "BM0400", "duration_ms": 38.7, "error_code": null, "requested_mode": "info-only", "revision": "820-02098", "status": "ok", "timestamp": "2026-03-29T07:25:35Z"}
{"board": "A2681", "component": "C8430", "duration_ms": 600.61, "error_code": null, "requested_mode": "screenshot", "revision": "820-02536", "status": "ok", "timestamp": "2026-03-29T07:25:36Z"}
{"board": "A2681", "component": "C8430", "duration_ms": 412.18, "error_code": null, "requested_mode": "screenshot", "revision": "820-02536", "status": "ok", "timestamp": "2026-03-29T07:25:37Z"}
{"board": "A2681", "component": "U5200,C8430", "duration_ms": 641.74, "error_code": null, "requested_mode": "screenshot", "revision": "820-02536", "status": "ok", "timestamp": "2026-03-29T07:25:37Z"}
{"board": null, "component": "C8430", "duration_ms": 0.41, "error_code": "board_not_found", "requested_mode": "screenshot", "revision": null, "status": "error", "timestamp": "2026-03-29T07:25:37Z"}
{"board": "A2681", "component": "DOESNOTEXIST", "duration_ms": 23.06, "error_code": "component_not_found", "requested_mode": "info-only", "revision": "820-02536", "status": "error", "timestamp": "2026-03-29T07:25:37Z"}
{"board": "A2681", "component": "DOESNOTEXIST", "duration_ms": 316.19, "error_code": null, "requested_mode": "screenshot", "revision": "820-02536", "status": "ok", "timestamp": "2026-03-29T07:25:38Z"}
{"board": "A2681", "component": "C8430", "duration_ms": 22.94, "error_code": null, "requested_mode": "info-only", "revision": "820-02536", "status": "ok", "timestamp": "2026-03-29T07:45:00Z"}
{"board": "A2681", "component": "U5200", "duration_ms": 22.85, "error_code": null, "requested_mode": "info-only", "revision": "820-02536", "status": "ok", "timestamp": "2026-03-29T07:45:00Z"}
{"board": "A2338", "component": "C0610", "duration_ms": 26.38, "error_code": null, "requested_mode": "info-only", "revision": "820-02773", "status": "ok", "timestamp": "2026-03-29T07:45:00Z"}
{"board": "A2338", "component": "C0500", "duration_ms": 26.6, "error_code": null, "requested_mode": "info-only", "revision": "820-02020", "status": "ok", "timestamp": "2026-03-29T07:45:00Z"}
{"board": "A2442", "component": "BM0400", "duration_ms": 38.12, "error_code": null, "requested_mode": "info-only", "revision": "820-02098", "status": "ok", "timestamp": "2026-03-29T07:45:01Z"}
{"board": "A2681", "component": "C8430", "duration_ms": 528.79, "error_code": null, "requested_mode": "screenshot", "revision": "820-02536", "status": "ok", "timestamp": "2026-03-29T07:45:01Z"}
{"board": "A2681", "component": "C8430", "duration_ms": 395.63, "error_code": null, "requested_mode": "screenshot", "revision": "820-02536", "status": "ok", "timestamp": "2026-03-29T07:45:02Z"}
{"board": "A2681", "component": "U5200,C8430", "duration_ms": 652.6, "error_code": null, "requested_mode": "screenshot", "revision": "820-02536", "status": "ok", "timestamp": "2026-03-29T07:45:02Z"}
{"board": null, "component": "C8430", "duration_ms": 0.58, "error_code": "board_not_found", "requested_mode": "screenshot", "revision": null, "status": "error", "timestamp": "2026-03-29T07:45:03Z"}
{"board": "A2681", "component": "DOESNOTEXIST", "duration_ms": 22.96, "error_code": "component_not_found", "requested_mode": "info-only", "revision": "820-02536", "status": "error", "timestamp": "2026-03-29T07:45:03Z"}
{"board": "A2681", "component": "DOESNOTEXIST", "duration_ms": 307.41, "error_code": null, "requested_mode": "screenshot", "revision": "820-02536", "status": "ok", "timestamp": "2026-03-29T07:45:03Z"}
{"board": "A2681", "component": "C8430", "duration_ms": 565.16, "error_code": null, "requested_mode": "screenshot", "revision": "820-02536", "status": "ok", "timestamp": "2026-03-29T07:45:10Z"}
{"board": "A2681", "component": "U5200", "duration_ms": 575.62, "error_code": null, "requested_mode": "screenshot", "revision": "820-02536", "status": "ok", "timestamp": "2026-03-29T07:45:52Z"}
{"board": "A2681", "component": "C8430", "duration_ms": 9344.97, "error_code": null, "requested_mode": "info-only", "revision": "820-02536", "status": "ok", "timestamp": "2026-04-01T04:26:38Z"}
{"board": "A2681", "component": "U5200", "duration_ms": 23.25, "error_code": null, "requested_mode": "info-only", "revision": "820-02536", "status": "ok", "timestamp": "2026-04-01T04:26:38Z"}
{"board": "A2681", "component": "C8430", "duration_ms": 22.96, "error_code": null, "requested_mode": "info-only", "revision": "820-02536", "status": "ok", "timestamp": "2026-04-01T04:26:40Z"}
{"board": "A2681", "component": "U5200", "duration_ms": 24.18, "error_code": null, "requested_mode": "info-only", "revision": "820-02536", "status": "ok", "timestamp": "2026-04-01T04:26:40Z"}
{"board": "A2338", "component": "C0610", "duration_ms": 9319.8, "error_code": null, "requested_mode": "info-only", "revision": "820-02773", "status": "ok", "timestamp": "2026-04-01T04:26:48Z"}
{"board": "A2338", "component": "C0610", "duration_ms": 7477.56, "error_code": null, "requested_mode": "info-only", "revision": "820-02773", "status": "ok", "timestamp": "2026-04-01T04:26:48Z"}
{"board": "A2338", "component": "C0500", "duration_ms": 9385.44, "error_code": null, "requested_mode": "info-only", "revision": "820-02020", "status": "ok", "timestamp": "2026-04-01T04:26:57Z"}
{"board": "A2338", "component": "C0500", "duration_ms": 9157.96, "error_code": null, "requested_mode": "info-only", "revision": "820-02020", "status": "ok", "timestamp": "2026-04-01T04:26:57Z"}
{"board": "A2442", "component": "BM0400", "duration_ms": 9389.75, "error_code": null, "requested_mode": "info-only", "revision": "820-02098", "status": "ok", "timestamp": "2026-04-01T04:27:07Z"}
{"board": "A2442", "component": "BM0400", "duration_ms": 9409.67, "error_code": null, "requested_mode": "info-only", "revision": "820-02098", "status": "ok", "timestamp": "2026-04-01T04:27:07Z"}
{"board": "A2681", "component": "C8430", "duration_ms": 5888.89, "error_code": null, "requested_mode": "screenshot", "revision": "820-02536", "status": "ok", "timestamp": "2026-04-01T04:27:13Z"}
{"board": "A2681", "component": "C8430", "duration_ms": 444.7, "error_code": null, "requested_mode": "screenshot", "revision": "820-02536", "status": "ok", "timestamp": "2026-04-01T04:27:13Z"}
{"board": "A2681", "component": "U5200,C8430", "duration_ms": 676.53, "error_code": null, "requested_mode": "screenshot", "revision": "820-02536", "status": "ok", "timestamp": "2026-04-01T04:27:14Z"}
{"board": null, "component": "C8430", "duration_ms": 0.47, "error_code": "board_not_found", "requested_mode": "screenshot", "revision": null, "status": "error", "timestamp": "2026-04-01T04:27:14Z"}
{"board": "A2681", "component": "DOESNOTEXIST", "duration_ms": 23.71, "error_code": "component_not_found", "requested_mode": "info-only", "revision": "820-02536", "status": "error", "timestamp": "2026-04-01T04:27:14Z"}
{"board": "A2681", "component": "C8430", "duration_ms": 7820.4, "error_code": null, "requested_mode": "screenshot", "revision": "820-02536", "status": "ok", "timestamp": "2026-04-01T04:27:15Z"}
{"board": "A2681", "component": "DOESNOTEXIST", "duration_ms": 832.88, "error_code": null, "requested_mode": "screenshot", "revision": "820-02536", "status": "ok", "timestamp": "2026-04-01T04:27:15Z"}
{"board": "A2681", "component": "C8430", "duration_ms": 901.16, "error_code": null, "requested_mode": "screenshot", "revision": "820-02536", "status": "ok", "timestamp": "2026-04-01T04:27:16Z"}
{"board": "A2681", "component": "U5200,C8430", "duration_ms": 654.95, "error_code": null, "requested_mode": "screenshot", "revision": "820-02536", "status": "ok", "timestamp": "2026-04-01T04:27:16Z"}
{"board": null, "component": "C8430", "duration_ms": 0.56, "error_code": "board_not_found", "requested_mode": "screenshot", "revision": null, "status": "error", "timestamp": "2026-04-01T04:27:16Z"}
{"board": "A2681", "component": "DOESNOTEXIST", "duration_ms": 25.33, "error_code": "component_not_found", "requested_mode": "info-only", "revision": "820-02536", "status": "error", "timestamp": "2026-04-01T04:27:16Z"}
{"board": "A2681", "component": "DOESNOTEXIST", "duration_ms": 341.89, "error_code": null, "requested_mode": "screenshot", "revision": "820-02536", "status": "ok", "timestamp": "2026-04-01T04:27:17Z"}
